<?xml version="1.0" encoding="UTF-8"?>
<testng-results ignored="0" total="1" passed="1" failed="0" skipped="0">
  <reporter-output>
  </reporter-output>
  <suite started-at="2022-07-09T22:56:14 IST" name="Web Suite" finished-at="2022-07-09T22:58:10 IST" duration-ms="115910">
    <groups>
    </groups>
    <test started-at="2022-07-09T22:56:14 IST" name="Web Tests" finished-at="2022-07-09T22:58:10 IST" duration-ms="115910">
      <class name="sanity.WebAppTest">
        <test-method is-config="true" signature="startSession(java.lang.String)[pri:0, instance:sanity.WebAppTest@42b02722]" started-at="2022-07-09T22:56:14 IST" name="startSession" finished-at="2022-07-09T22:56:34 IST" duration-ms="19791" status="PASS">
          <params>
            <param index="0">
              <value>
                <![CDATA[web]]>
              </value>
            </param>
          </params>
          <reporter-output>
          </reporter-output>
        </test-method> <!-- startSession -->
        <test-method is-config="true" signature="beforeMethod(java.lang.reflect.Method)[pri:0, instance:sanity.WebAppTest@42b02722]" started-at="2022-07-09T22:56:34 IST" name="beforeMethod" finished-at="2022-07-09T22:56:34 IST" duration-ms="129" status="PASS">
          <params>
            <param index="0">
              <value>
                <![CDATA[public void sanity.WebAppTest.test18_SelectConferenceRoom() throws java.lang.InterruptedException]]>
              </value>
            </param>
          </params>
          <reporter-output>
          </reporter-output>
        </test-method> <!-- beforeMethod -->
        <test-method signature="test18_SelectConferenceRoom()[pri:0, instance:sanity.WebAppTest@42b02722]" started-at="2022-07-09T22:56:34 IST" name="test18_SelectConferenceRoom" description="Test17 - Verify User is able to select workspace in Mumbai" finished-at="2022-07-09T22:58:04 IST" duration-ms="89784" status="PASS">
          <reporter-output>
          </reporter-output>
        </test-method> <!-- test18_SelectConferenceRoom -->
        <test-method is-config="true" signature="afterMethod()[pri:0, instance:sanity.WebAppTest@42b02722]" started-at="2022-07-09T22:58:05 IST" name="afterMethod" finished-at="2022-07-09T22:58:09 IST" duration-ms="3842" status="PASS">
          <reporter-output>
          </reporter-output>
        </test-method> <!-- afterMethod -->
        <test-method is-config="true" signature="closeSession()[pri:0, instance:sanity.WebAppTest@42b02722]" started-at="2022-07-09T22:58:09 IST" name="closeSession" finished-at="2022-07-09T22:58:10 IST" duration-ms="797" status="PASS">
          <reporter-output>
          </reporter-output>
        </test-method> <!-- closeSession -->
      </class> <!-- sanity.WebAppTest -->
    </test> <!-- Web Tests -->
  </suite> <!-- Web Suite -->
</testng-results>
