<?xml version="1.0" encoding="UTF-8"?>
<!-- Generated by org.testng.reporters.JUnitXMLReporter -->
<testsuite ignored="0" hostname="Gaurabh-Chakrabortys-MacBook-Air.local" failures="0" tests="1" name="Mobile app test" time="13.353" errors="0" timestamp="2022-04-11T10:51:48 IST">
  <testcase classname="utilities.CommonOps" name="@BeforeClass startSession" time="7.855">
    <failure type="java.lang.NullPointerException">
      <![CDATA[java.lang.NullPointerException
at java.base/java.util.Objects.requireNonNull(Objects.java:208)
at org.openqa.selenium.interactions.Actions.<init>(Actions.java:65)
at utilities.CommonOps.initMobile(CommonOps.java:123)
at utilities.CommonOps.startSession(CommonOps.java:179)
at java.base/java.util.ArrayList.forEach(ArrayList.java:1511)
... Removed 27 stack frames]]>
    </failure>
  </testcase> <!-- @BeforeClass startSession -->
  <testcase classname="utilities.CommonOps" name="@BeforeMethod beforeMethod" time="-1.649654508721E9">
    <skipped/>
  </testcase> <!-- @BeforeMethod beforeMethod -->
  <testcase classname="utilities.CommonOps" name="@AfterMethod afterMethod" time="-1.649654508749E9">
    <skipped/>
  </testcase> <!-- @AfterMethod afterMethod -->
  <testcase classname="utilities.CommonOps" name="@AfterClass closeSession" time="-1.649654508751E9">
    <skipped/>
  </testcase> <!-- @AfterClass closeSession -->
  <testcase classname="sanity.CreateWallet" name="test01_verify_createWallet" time="0.0">
    <skipped/>
  </testcase> <!-- test01_verify_createWallet -->
</testsuite> <!-- Mobile app test -->
