<?xml version="1.0" encoding="UTF-8"?>
<testsuite xmlns:xsi="http://www.w3.org/2001/XMLSchema-instance" xsi:noNamespaceSchemaLocation="https://maven.apache.org/surefire/maven-surefire-plugin/xsd/surefire-test-report-3.0.xsd" version="3.0" name="TestSuite" time="142.839" tests="2" errors="0" skipped="0" failures="0">
  <properties>
[...]
</properties>
  <testcase name="test02_SelectDayPassForTeamsInPune[Pune, Kharadi](1)" classname="sanity.EnterpriseDayPassForTeamsTest" time="58.705">
    <system-out><![CDATA[------------------- Starting Execution -------------------
An Error Occurred While Connecting To DB, See Detailscom.mysql.cj.jdbc.exceptions.CommunicationsException: Communications link failure

The last packet sent successfully to the server was 0 milliseconds ago. The driver has not received any packets from the server.
file is now created
------------------- Test: test02_SelectDayPassForTeamsInPune Passed -------------------
file stop recording
File Deleted Successfully
]]></system-out>
    <system-err><![CDATA[Starting ChromeDriver 103.0.5060.53 (a1711811edd74ff1cf2150f36ffa3b0dae40b17f-refs/branch-heads/5060@{#853}) on port 13221
Only local connections are allowed.
Please see https://chromedriver.chromium.org/security-considerations for suggestions on keeping ChromeDriver safe.
ChromeDriver was started successfully.
Jul 14, 2022 10:28:18 PM org.openqa.selenium.remote.ProtocolHandshake createSession
INFO: Detected dialect: W3C
]]></system-err>
  </testcase>
  <testcase name="test02_SelectDayPassForTeamsInPune[Pune, Magarpatta](2)" classname="sanity.EnterpriseDayPassForTeamsTest" time="49.131">
    <system-out><![CDATA[file is now created
------------------- Test: test02_SelectDayPassForTeamsInPune Passed -------------------
file stop recording
File Deleted Successfully
]]></system-out>
  </testcase>
</testsuite>