<?xml version="1.0" encoding="UTF-8"?>
<testsuite xmlns:xsi="http://www.w3.org/2001/XMLSchema-instance" xsi:noNamespaceSchemaLocation="https://maven.apache.org/surefire/maven-surefire-plugin/xsd/surefire-test-report-3.0.xsd" version="3.0" name="TestSuite" time="15.831" tests="5" errors="0" skipped="4" failures="1">
  <properties>
[...]
</properties>
  <testcase name="startSession[mobile](0)" classname="sanity.CreateWallet" time="15.554">
    <failure type="java.lang.NullPointerException"><![CDATA[java.lang.NullPointerException
]]></failure>
    <system-out><![CDATA[------------------- Starting Execution -------------------
]]></system-out>
    <system-err><![CDATA[Apr 11, 2022 10:51:42 AM io.appium.java_client.remote.AppiumCommandExecutor$1 lambda$0
INFO: Detected dialect: W3C
]]></system-err>
  </testcase>
  <testcase name="beforeMethod" classname="sanity.CreateWallet" time="0">
    <skipped/>
  </testcase>
  <testcase name="test01_verify_createWallet" classname="sanity.CreateWallet" time="0">
    <skipped/>
    <system-out><![CDATA[------------------- Skipped Test: test01_verify_createWallet-------------------
]]></system-out>
  </testcase>
  <testcase name="afterMethod" classname="sanity.CreateWallet" time="0">
    <skipped/>
  </testcase>
  <testcase name="closeSession" classname="sanity.CreateWallet" time="0">
    <skipped/>
  </testcase>
</testsuite>