-------------------------------------------------------------------------------
Test set: TestSuite
-------------------------------------------------------------------------------
Tests run: 5, Failures: 1, Errors: 0, Skipped: 4, Time elapsed: 15.831 s <<< FAILURE! - in TestSuite
sanity.CreateWallet.startSession[mobile](0)  Time elapsed: 15.554 s  <<< FAILURE!
java.lang.NullPointerException

