<?xml version="1.0" encoding="UTF-8"?>
<testng-results ignored="0" total="2" passed="2" failed="0" skipped="0">
  <reporter-output>
  </reporter-output>
  <suite started-at="2022-07-14T22:28:14 IST" name="Web Suite" finished-at="2022-07-14T22:30:31 IST" duration-ms="136742">
    <groups>
    </groups>
    <test started-at="2022-07-14T22:28:14 IST" name="Web Tests" finished-at="2022-07-14T22:30:31 IST" duration-ms="136742">
      <class name="sanity.EnterpriseDayPassForTeamsTest">
        <test-method is-config="true" signature="startSession(java.lang.String)[pri:0, instance:sanity.EnterpriseDayPassForTeamsTest@2ea41516]" started-at="2022-07-14T22:28:14 IST" name="startSession" finished-at="2022-07-14T22:28:37 IST" duration-ms="22395" status="PASS">
          <params>
            <param index="0">
              <value>
                <![CDATA[web]]>
              </value>
            </param>
          </params>
          <reporter-output>
          </reporter-output>
        </test-method> <!-- startSession -->
        <test-method is-config="true" signature="beforeMethod(java.lang.reflect.Method)[pri:0, instance:sanity.EnterpriseDayPassForTeamsTest@2ea41516]" started-at="2022-07-14T22:28:37 IST" name="beforeMethod" finished-at="2022-07-14T22:28:37 IST" duration-ms="89" status="PASS">
          <params>
            <param index="0">
              <value>
                <![CDATA[public void sanity.EnterpriseDayPassForTeamsTest.test02_SelectDayPassForTeamsInPune(java.lang.String,java.lang.String) throws java.lang.InterruptedException]]>
              </value>
            </param>
          </params>
          <reporter-output>
          </reporter-output>
        </test-method> <!-- beforeMethod -->
        <test-method signature="test02_SelectDayPassForTeamsInPune(java.lang.String,java.lang.String)[pri:0, instance:sanity.EnterpriseDayPassForTeamsTest@2ea41516]" started-at="2022-07-14T22:28:37 IST" name="test02_SelectDayPassForTeamsInPune" description="Test02 - Verify User is able to Select Enterprise in Pune(Day pass option)" data-provider="PuneDayPassWorkspaces" finished-at="2022-07-14T22:29:35 IST" duration-ms="58302" status="PASS">
          <params>
            <param index="0">
              <value>
                <![CDATA[Pune]]>
              </value>
            </param>
            <param index="1">
              <value>
                <![CDATA[Kharadi]]>
              </value>
            </param>
          </params>
          <reporter-output>
          </reporter-output>
        </test-method> <!-- test02_SelectDayPassForTeamsInPune -->
        <test-method is-config="true" signature="afterMethod()[pri:0, instance:sanity.EnterpriseDayPassForTeamsTest@2ea41516]" started-at="2022-07-14T22:29:36 IST" name="afterMethod" finished-at="2022-07-14T22:29:38 IST" duration-ms="2435" status="PASS">
          <reporter-output>
          </reporter-output>
        </test-method> <!-- afterMethod -->
        <test-method is-config="true" signature="beforeMethod(java.lang.reflect.Method)[pri:0, instance:sanity.EnterpriseDayPassForTeamsTest@2ea41516]" started-at="2022-07-14T22:29:38 IST" name="beforeMethod" finished-at="2022-07-14T22:29:38 IST" duration-ms="9" status="PASS">
          <params>
            <param index="0">
              <value>
                <![CDATA[public void sanity.EnterpriseDayPassForTeamsTest.test02_SelectDayPassForTeamsInPune(java.lang.String,java.lang.String) throws java.lang.InterruptedException]]>
              </value>
            </param>
          </params>
          <reporter-output>
          </reporter-output>
        </test-method> <!-- beforeMethod -->
        <test-method signature="test02_SelectDayPassForTeamsInPune(java.lang.String,java.lang.String)[pri:0, instance:sanity.EnterpriseDayPassForTeamsTest@2ea41516]" started-at="2022-07-14T22:29:38 IST" name="test02_SelectDayPassForTeamsInPune" description="Test02 - Verify User is able to Select Enterprise in Pune(Day pass option)" data-provider="PuneDayPassWorkspaces" finished-at="2022-07-14T22:30:27 IST" duration-ms="48856" status="PASS">
          <params>
            <param index="0">
              <value>
                <![CDATA[Pune]]>
              </value>
            </param>
            <param index="1">
              <value>
                <![CDATA[Magarpatta]]>
              </value>
            </param>
          </params>
          <reporter-output>
          </reporter-output>
        </test-method> <!-- test02_SelectDayPassForTeamsInPune -->
        <test-method is-config="true" signature="afterMethod()[pri:0, instance:sanity.EnterpriseDayPassForTeamsTest@2ea41516]" started-at="2022-07-14T22:30:27 IST" name="afterMethod" finished-at="2022-07-14T22:30:30 IST" duration-ms="3177" status="PASS">
          <reporter-output>
          </reporter-output>
        </test-method> <!-- afterMethod -->
        <test-method is-config="true" signature="closeSession()[pri:0, instance:sanity.EnterpriseDayPassForTeamsTest@2ea41516]" started-at="2022-07-14T22:30:30 IST" name="closeSession" finished-at="2022-07-14T22:30:31 IST" duration-ms="614" status="PASS">
          <reporter-output>
          </reporter-output>
        </test-method> <!-- closeSession -->
      </class> <!-- sanity.EnterpriseDayPassForTeamsTest -->
    </test> <!-- Web Tests -->
  </suite> <!-- Web Suite -->
</testng-results>
