<?xml version="1.0" encoding="UTF-8"?>
<!-- Generated by org.testng.reporters.JUnitXMLReporter -->
<testsuite ignored="0" hostname="Varsha-R-Yattinahalli-B632s-MacBook-Pro.local" failures="0" tests="4" name="Web Tests" time="133.537" errors="0" timestamp="2022-07-04T21:43:51 IST">
  <testcase classname="sanity.WebAppTest" name="test01_verifyWebsite" time="12.454"/>
  <testcase classname="sanity.WebAppTest" name="test02_verifyLogin" time="30.478"/>
  <testcase classname="sanity.WebAppTest" name="test03_verifyTermsAndConditions" time="15.247"/>
  <testcase classname="sanity.WebAppTest" name="test04_VerifyWorkspace" time="51.392"/>
</testsuite> <!-- Web Tests -->
