<?xml version="1.0" encoding="UTF-8"?>
<testng-results ignored="0" total="25" passed="24" failed="1" skipped="0">
  <reporter-output>
  </reporter-output>
  <suite started-at="2022-07-11T23:17:23 IST" name="Web Suite" finished-at="2022-07-11T23:30:12 IST" duration-ms="768222">
    <groups>
    </groups>
    <test started-at="2022-07-11T23:17:23 IST" name="Web Tests" finished-at="2022-07-11T23:30:12 IST" duration-ms="768222">
      <class name="sanity.WebAppTest">
        <test-method is-config="true" signature="startSession(java.lang.String)[pri:0, instance:sanity.WebAppTest@34c01041]" started-at="2022-07-11T23:17:23 IST" name="startSession" finished-at="2022-07-11T23:17:39 IST" duration-ms="15460" status="PASS">
          <params>
            <param index="0">
              <value>
                <![CDATA[web]]>
              </value>
            </param>
          </params>
          <reporter-output>
          </reporter-output>
        </test-method> <!-- startSession -->
        <test-method is-config="true" signature="beforeMethod(java.lang.reflect.Method)[pri:0, instance:sanity.WebAppTest@34c01041]" started-at="2022-07-11T23:17:39 IST" name="beforeMethod" finished-at="2022-07-11T23:17:39 IST" duration-ms="60" status="PASS">
          <params>
            <param index="0">
              <value>
                <![CDATA[public void sanity.WebAppTest.test30_SelectAllAccessInBengaluru(java.lang.String,java.lang.String,java.lang.String) throws java.lang.InterruptedException]]>
              </value>
            </param>
          </params>
          <reporter-output>
          </reporter-output>
        </test-method> <!-- beforeMethod -->
        <test-method signature="test30_SelectAllAccessInBengaluru(java.lang.String,java.lang.String,java.lang.String)[pri:0, instance:sanity.WebAppTest@34c01041]" started-at="2022-07-11T23:17:39 IST" name="test30_SelectAllAccessInBengaluru" description="Test29 - Verify User is able to select all access in Bengaluru" data-provider="BengaluruHotdeskWorkspaces" finished-at="2022-07-11T23:18:07 IST" duration-ms="27413" status="PASS">
          <params>
            <param index="0">
              <value>
                <![CDATA[Bengaluru]]>
              </value>
            </param>
            <param index="1">
              <value>
                <![CDATA[Koramangala]]>
              </value>
            </param>
            <param index="2">
              <value>
                <![CDATA[Prestige Atlanta]]>
              </value>
            </param>
          </params>
          <reporter-output>
          </reporter-output>
        </test-method> <!-- test30_SelectAllAccessInBengaluru -->
        <test-method is-config="true" signature="afterMethod()[pri:0, instance:sanity.WebAppTest@34c01041]" started-at="2022-07-11T23:18:07 IST" name="afterMethod" finished-at="2022-07-11T23:18:13 IST" duration-ms="5736" status="PASS">
          <reporter-output>
          </reporter-output>
        </test-method> <!-- afterMethod -->
        <test-method is-config="true" signature="beforeMethod(java.lang.reflect.Method)[pri:0, instance:sanity.WebAppTest@34c01041]" started-at="2022-07-11T23:18:13 IST" name="beforeMethod" finished-at="2022-07-11T23:18:13 IST" duration-ms="9" status="PASS">
          <params>
            <param index="0">
              <value>
                <![CDATA[public void sanity.WebAppTest.test30_SelectAllAccessInBengaluru(java.lang.String,java.lang.String,java.lang.String) throws java.lang.InterruptedException]]>
              </value>
            </param>
          </params>
          <reporter-output>
          </reporter-output>
        </test-method> <!-- beforeMethod -->
        <test-method signature="test30_SelectAllAccessInBengaluru(java.lang.String,java.lang.String,java.lang.String)[pri:0, instance:sanity.WebAppTest@34c01041]" started-at="2022-07-11T23:18:13 IST" name="test30_SelectAllAccessInBengaluru" description="Test29 - Verify User is able to select all access in Bengaluru" data-provider="BengaluruHotdeskWorkspaces" finished-at="2022-07-11T23:18:41 IST" duration-ms="28485" status="PASS">
          <params>
            <param index="0">
              <value>
                <![CDATA[Bengaluru]]>
              </value>
            </param>
            <param index="1">
              <value>
                <![CDATA[Koramangala]]>
              </value>
            </param>
            <param index="2">
              <value>
                <![CDATA[Prestige Cube]]>
              </value>
            </param>
          </params>
          <reporter-output>
          </reporter-output>
        </test-method> <!-- test30_SelectAllAccessInBengaluru -->
        <test-method is-config="true" signature="afterMethod()[pri:0, instance:sanity.WebAppTest@34c01041]" started-at="2022-07-11T23:18:41 IST" name="afterMethod" finished-at="2022-07-11T23:18:44 IST" duration-ms="2930" status="PASS">
          <reporter-output>
          </reporter-output>
        </test-method> <!-- afterMethod -->
        <test-method is-config="true" signature="beforeMethod(java.lang.reflect.Method)[pri:0, instance:sanity.WebAppTest@34c01041]" started-at="2022-07-11T23:18:44 IST" name="beforeMethod" finished-at="2022-07-11T23:18:44 IST" duration-ms="8" status="PASS">
          <params>
            <param index="0">
              <value>
                <![CDATA[public void sanity.WebAppTest.test30_SelectAllAccessInBengaluru(java.lang.String,java.lang.String,java.lang.String) throws java.lang.InterruptedException]]>
              </value>
            </param>
          </params>
          <reporter-output>
          </reporter-output>
        </test-method> <!-- beforeMethod -->
        <test-method signature="test30_SelectAllAccessInBengaluru(java.lang.String,java.lang.String,java.lang.String)[pri:0, instance:sanity.WebAppTest@34c01041]" started-at="2022-07-11T23:18:44 IST" name="test30_SelectAllAccessInBengaluru" description="Test29 - Verify User is able to select all access in Bengaluru" data-provider="BengaluruHotdeskWorkspaces" finished-at="2022-07-11T23:19:11 IST" duration-ms="26621" status="PASS">
          <params>
            <param index="0">
              <value>
                <![CDATA[Bengaluru]]>
              </value>
            </param>
            <param index="1">
              <value>
                <![CDATA[MG Road]]>
              </value>
            </param>
            <param index="2">
              <value>
                <![CDATA[The Pavilion]]>
              </value>
            </param>
          </params>
          <reporter-output>
          </reporter-output>
        </test-method> <!-- test30_SelectAllAccessInBengaluru -->
        <test-method is-config="true" signature="afterMethod()[pri:0, instance:sanity.WebAppTest@34c01041]" started-at="2022-07-11T23:19:11 IST" name="afterMethod" finished-at="2022-07-11T23:19:14 IST" duration-ms="2962" status="PASS">
          <reporter-output>
          </reporter-output>
        </test-method> <!-- afterMethod -->
        <test-method is-config="true" signature="beforeMethod(java.lang.reflect.Method)[pri:0, instance:sanity.WebAppTest@34c01041]" started-at="2022-07-11T23:19:14 IST" name="beforeMethod" finished-at="2022-07-11T23:19:14 IST" duration-ms="8" status="PASS">
          <params>
            <param index="0">
              <value>
                <![CDATA[public void sanity.WebAppTest.test30_SelectAllAccessInBengaluru(java.lang.String,java.lang.String,java.lang.String) throws java.lang.InterruptedException]]>
              </value>
            </param>
          </params>
          <reporter-output>
          </reporter-output>
        </test-method> <!-- beforeMethod -->
        <test-method signature="test30_SelectAllAccessInBengaluru(java.lang.String,java.lang.String,java.lang.String)[pri:0, instance:sanity.WebAppTest@34c01041]" started-at="2022-07-11T23:19:14 IST" name="test30_SelectAllAccessInBengaluru" description="Test29 - Verify User is able to select all access in Bengaluru" data-provider="BengaluruHotdeskWorkspaces" finished-at="2022-07-11T23:19:41 IST" duration-ms="27167" status="PASS">
          <params>
            <param index="0">
              <value>
                <![CDATA[Bengaluru]]>
              </value>
            </param>
            <param index="1">
              <value>
                <![CDATA[MG Road]]>
              </value>
            </param>
            <param index="2">
              <value>
                <![CDATA[Galaxy]]>
              </value>
            </param>
          </params>
          <reporter-output>
          </reporter-output>
        </test-method> <!-- test30_SelectAllAccessInBengaluru -->
        <test-method is-config="true" signature="afterMethod()[pri:0, instance:sanity.WebAppTest@34c01041]" started-at="2022-07-11T23:19:42 IST" name="afterMethod" finished-at="2022-07-11T23:19:45 IST" duration-ms="3229" status="PASS">
          <reporter-output>
          </reporter-output>
        </test-method> <!-- afterMethod -->
        <test-method is-config="true" signature="beforeMethod(java.lang.reflect.Method)[pri:0, instance:sanity.WebAppTest@34c01041]" started-at="2022-07-11T23:19:45 IST" name="beforeMethod" finished-at="2022-07-11T23:19:45 IST" duration-ms="13" status="PASS">
          <params>
            <param index="0">
              <value>
                <![CDATA[public void sanity.WebAppTest.test30_SelectAllAccessInBengaluru(java.lang.String,java.lang.String,java.lang.String) throws java.lang.InterruptedException]]>
              </value>
            </param>
          </params>
          <reporter-output>
          </reporter-output>
        </test-method> <!-- beforeMethod -->
        <test-method signature="test30_SelectAllAccessInBengaluru(java.lang.String,java.lang.String,java.lang.String)[pri:0, instance:sanity.WebAppTest@34c01041]" started-at="2022-07-11T23:19:45 IST" name="test30_SelectAllAccessInBengaluru" description="Test29 - Verify User is able to select all access in Bengaluru" data-provider="BengaluruHotdeskWorkspaces" finished-at="2022-07-11T23:20:11 IST" duration-ms="26347" status="PASS">
          <params>
            <param index="0">
              <value>
                <![CDATA[Bengaluru]]>
              </value>
            </param>
            <param index="1">
              <value>
                <![CDATA[MG Road]]>
              </value>
            </param>
            <param index="2">
              <value>
                <![CDATA[Embassy Quest]]>
              </value>
            </param>
          </params>
          <reporter-output>
          </reporter-output>
        </test-method> <!-- test30_SelectAllAccessInBengaluru -->
        <test-method is-config="true" signature="afterMethod()[pri:0, instance:sanity.WebAppTest@34c01041]" started-at="2022-07-11T23:20:11 IST" name="afterMethod" finished-at="2022-07-11T23:20:15 IST" duration-ms="3344" status="PASS">
          <reporter-output>
          </reporter-output>
        </test-method> <!-- afterMethod -->
        <test-method is-config="true" signature="beforeMethod(java.lang.reflect.Method)[pri:0, instance:sanity.WebAppTest@34c01041]" started-at="2022-07-11T23:20:15 IST" name="beforeMethod" finished-at="2022-07-11T23:20:15 IST" duration-ms="8" status="PASS">
          <params>
            <param index="0">
              <value>
                <![CDATA[public void sanity.WebAppTest.test30_SelectAllAccessInBengaluru(java.lang.String,java.lang.String,java.lang.String) throws java.lang.InterruptedException]]>
              </value>
            </param>
          </params>
          <reporter-output>
          </reporter-output>
        </test-method> <!-- beforeMethod -->
        <test-method signature="test30_SelectAllAccessInBengaluru(java.lang.String,java.lang.String,java.lang.String)[pri:0, instance:sanity.WebAppTest@34c01041]" started-at="2022-07-11T23:20:15 IST" name="test30_SelectAllAccessInBengaluru" description="Test29 - Verify User is able to select all access in Bengaluru" data-provider="BengaluruHotdeskWorkspaces" finished-at="2022-07-11T23:20:41 IST" duration-ms="26426" status="PASS">
          <params>
            <param index="0">
              <value>
                <![CDATA[Bengaluru]]>
              </value>
            </param>
            <param index="1">
              <value>
                <![CDATA[Bannerghatta Main Rd]]>
              </value>
            </param>
            <param index="2">
              <value>
                <![CDATA[Salarpuria Symbiosis]]>
              </value>
            </param>
          </params>
          <reporter-output>
          </reporter-output>
        </test-method> <!-- test30_SelectAllAccessInBengaluru -->
        <test-method is-config="true" signature="afterMethod()[pri:0, instance:sanity.WebAppTest@34c01041]" started-at="2022-07-11T23:20:41 IST" name="afterMethod" finished-at="2022-07-11T23:20:44 IST" duration-ms="2952" status="PASS">
          <reporter-output>
          </reporter-output>
        </test-method> <!-- afterMethod -->
        <test-method is-config="true" signature="beforeMethod(java.lang.reflect.Method)[pri:0, instance:sanity.WebAppTest@34c01041]" started-at="2022-07-11T23:20:44 IST" name="beforeMethod" finished-at="2022-07-11T23:20:44 IST" duration-ms="7" status="PASS">
          <params>
            <param index="0">
              <value>
                <![CDATA[public void sanity.WebAppTest.test30_SelectAllAccessInBengaluru(java.lang.String,java.lang.String,java.lang.String) throws java.lang.InterruptedException]]>
              </value>
            </param>
          </params>
          <reporter-output>
          </reporter-output>
        </test-method> <!-- beforeMethod -->
        <test-method signature="test30_SelectAllAccessInBengaluru(java.lang.String,java.lang.String,java.lang.String)[pri:0, instance:sanity.WebAppTest@34c01041]" started-at="2022-07-11T23:20:44 IST" name="test30_SelectAllAccessInBengaluru" description="Test29 - Verify User is able to select all access in Bengaluru" data-provider="BengaluruHotdeskWorkspaces" finished-at="2022-07-11T23:21:11 IST" duration-ms="26458" status="PASS">
          <params>
            <param index="0">
              <value>
                <![CDATA[Bengaluru]]>
              </value>
            </param>
            <param index="1">
              <value>
                <![CDATA[Infantry Road]]>
              </value>
            </param>
            <param index="2">
              <value>
                <![CDATA[Prestige Central]]>
              </value>
            </param>
          </params>
          <reporter-output>
          </reporter-output>
        </test-method> <!-- test30_SelectAllAccessInBengaluru -->
        <test-method is-config="true" signature="afterMethod()[pri:0, instance:sanity.WebAppTest@34c01041]" started-at="2022-07-11T23:21:11 IST" name="afterMethod" finished-at="2022-07-11T23:21:14 IST" duration-ms="2804" status="PASS">
          <reporter-output>
          </reporter-output>
        </test-method> <!-- afterMethod -->
        <test-method is-config="true" signature="beforeMethod(java.lang.reflect.Method)[pri:0, instance:sanity.WebAppTest@34c01041]" started-at="2022-07-11T23:21:14 IST" name="beforeMethod" finished-at="2022-07-11T23:21:14 IST" duration-ms="28" status="PASS">
          <params>
            <param index="0">
              <value>
                <![CDATA[public void sanity.WebAppTest.test30_SelectAllAccessInBengaluru(java.lang.String,java.lang.String,java.lang.String) throws java.lang.InterruptedException]]>
              </value>
            </param>
          </params>
          <reporter-output>
          </reporter-output>
        </test-method> <!-- beforeMethod -->
        <test-method signature="test30_SelectAllAccessInBengaluru(java.lang.String,java.lang.String,java.lang.String)[pri:0, instance:sanity.WebAppTest@34c01041]" started-at="2022-07-11T23:21:14 IST" name="test30_SelectAllAccessInBengaluru" description="Test29 - Verify User is able to select all access in Bengaluru" data-provider="BengaluruHotdeskWorkspaces" finished-at="2022-07-11T23:21:42 IST" duration-ms="27913" status="PASS">
          <params>
            <param index="0">
              <value>
                <![CDATA[Bengaluru]]>
              </value>
            </param>
            <param index="1">
              <value>
                <![CDATA[Domlur]]>
              </value>
            </param>
            <param index="2">
              <value>
                <![CDATA[Sunriver, EGL]]>
              </value>
            </param>
          </params>
          <reporter-output>
          </reporter-output>
        </test-method> <!-- test30_SelectAllAccessInBengaluru -->
        <test-method is-config="true" signature="afterMethod()[pri:0, instance:sanity.WebAppTest@34c01041]" started-at="2022-07-11T23:21:42 IST" name="afterMethod" finished-at="2022-07-11T23:21:45 IST" duration-ms="3049" status="PASS">
          <reporter-output>
          </reporter-output>
        </test-method> <!-- afterMethod -->
        <test-method is-config="true" signature="beforeMethod(java.lang.reflect.Method)[pri:0, instance:sanity.WebAppTest@34c01041]" started-at="2022-07-11T23:21:45 IST" name="beforeMethod" finished-at="2022-07-11T23:21:45 IST" duration-ms="7" status="PASS">
          <params>
            <param index="0">
              <value>
                <![CDATA[public void sanity.WebAppTest.test30_SelectAllAccessInBengaluru(java.lang.String,java.lang.String,java.lang.String) throws java.lang.InterruptedException]]>
              </value>
            </param>
          </params>
          <reporter-output>
          </reporter-output>
        </test-method> <!-- beforeMethod -->
        <test-method signature="test30_SelectAllAccessInBengaluru(java.lang.String,java.lang.String,java.lang.String)[pri:0, instance:sanity.WebAppTest@34c01041]" started-at="2022-07-11T23:21:45 IST" name="test30_SelectAllAccessInBengaluru" description="Test29 - Verify User is able to select all access in Bengaluru" data-provider="BengaluruHotdeskWorkspaces" finished-at="2022-07-11T23:22:11 IST" duration-ms="26064" status="PASS">
          <params>
            <param index="0">
              <value>
                <![CDATA[Bengaluru]]>
              </value>
            </param>
            <param index="1">
              <value>
                <![CDATA[Bellandur]]>
              </value>
            </param>
            <param index="2">
              <value>
                <![CDATA[Embassy TechVillage]]>
              </value>
            </param>
          </params>
          <reporter-output>
          </reporter-output>
        </test-method> <!-- test30_SelectAllAccessInBengaluru -->
        <test-method is-config="true" signature="afterMethod()[pri:0, instance:sanity.WebAppTest@34c01041]" started-at="2022-07-11T23:22:12 IST" name="afterMethod" finished-at="2022-07-11T23:22:15 IST" duration-ms="3006" status="PASS">
          <reporter-output>
          </reporter-output>
        </test-method> <!-- afterMethod -->
        <test-method is-config="true" signature="beforeMethod(java.lang.reflect.Method)[pri:0, instance:sanity.WebAppTest@34c01041]" started-at="2022-07-11T23:22:15 IST" name="beforeMethod" finished-at="2022-07-11T23:22:15 IST" duration-ms="5" status="PASS">
          <params>
            <param index="0">
              <value>
                <![CDATA[public void sanity.WebAppTest.test30_SelectAllAccessInBengaluru(java.lang.String,java.lang.String,java.lang.String) throws java.lang.InterruptedException]]>
              </value>
            </param>
          </params>
          <reporter-output>
          </reporter-output>
        </test-method> <!-- beforeMethod -->
        <test-method signature="test30_SelectAllAccessInBengaluru(java.lang.String,java.lang.String,java.lang.String)[pri:0, instance:sanity.WebAppTest@34c01041]" started-at="2022-07-11T23:22:15 IST" name="test30_SelectAllAccessInBengaluru" description="Test29 - Verify User is able to select all access in Bengaluru" data-provider="BengaluruHotdeskWorkspaces" finished-at="2022-07-11T23:22:42 IST" duration-ms="27403" status="PASS">
          <params>
            <param index="0">
              <value>
                <![CDATA[Bengaluru]]>
              </value>
            </param>
            <param index="1">
              <value>
                <![CDATA[Bellandur]]>
              </value>
            </param>
            <param index="2">
              <value>
                <![CDATA[Vaishnavi Signature]]>
              </value>
            </param>
          </params>
          <reporter-output>
          </reporter-output>
        </test-method> <!-- test30_SelectAllAccessInBengaluru -->
        <test-method is-config="true" signature="afterMethod()[pri:0, instance:sanity.WebAppTest@34c01041]" started-at="2022-07-11T23:22:42 IST" name="afterMethod" finished-at="2022-07-11T23:22:45 IST" duration-ms="3167" status="PASS">
          <reporter-output>
          </reporter-output>
        </test-method> <!-- afterMethod -->
        <test-method is-config="true" signature="beforeMethod(java.lang.reflect.Method)[pri:0, instance:sanity.WebAppTest@34c01041]" started-at="2022-07-11T23:22:45 IST" name="beforeMethod" finished-at="2022-07-11T23:22:45 IST" duration-ms="8" status="PASS">
          <params>
            <param index="0">
              <value>
                <![CDATA[public void sanity.WebAppTest.test30_SelectAllAccessInBengaluru(java.lang.String,java.lang.String,java.lang.String) throws java.lang.InterruptedException]]>
              </value>
            </param>
          </params>
          <reporter-output>
          </reporter-output>
        </test-method> <!-- beforeMethod -->
        <test-method signature="test30_SelectAllAccessInBengaluru(java.lang.String,java.lang.String,java.lang.String)[pri:0, instance:sanity.WebAppTest@34c01041]" started-at="2022-07-11T23:22:45 IST" name="test30_SelectAllAccessInBengaluru" description="Test29 - Verify User is able to select all access in Bengaluru" data-provider="BengaluruHotdeskWorkspaces" finished-at="2022-07-11T23:23:13 IST" duration-ms="27616" status="PASS">
          <params>
            <param index="0">
              <value>
                <![CDATA[Bengaluru]]>
              </value>
            </param>
            <param index="1">
              <value>
                <![CDATA[Hebbal]]>
              </value>
            </param>
            <param index="2">
              <value>
                <![CDATA[RMZ Latitude Commercial]]>
              </value>
            </param>
          </params>
          <reporter-output>
          </reporter-output>
        </test-method> <!-- test30_SelectAllAccessInBengaluru -->
        <test-method is-config="true" signature="afterMethod()[pri:0, instance:sanity.WebAppTest@34c01041]" started-at="2022-07-11T23:23:13 IST" name="afterMethod" finished-at="2022-07-11T23:23:16 IST" duration-ms="2933" status="PASS">
          <reporter-output>
          </reporter-output>
        </test-method> <!-- afterMethod -->
        <test-method is-config="true" signature="beforeMethod(java.lang.reflect.Method)[pri:0, instance:sanity.WebAppTest@34c01041]" started-at="2022-07-11T23:23:16 IST" name="beforeMethod" finished-at="2022-07-11T23:23:16 IST" duration-ms="7" status="PASS">
          <params>
            <param index="0">
              <value>
                <![CDATA[public void sanity.WebAppTest.test30_SelectAllAccessInBengaluru(java.lang.String,java.lang.String,java.lang.String) throws java.lang.InterruptedException]]>
              </value>
            </param>
          </params>
          <reporter-output>
          </reporter-output>
        </test-method> <!-- beforeMethod -->
        <test-method signature="test30_SelectAllAccessInBengaluru(java.lang.String,java.lang.String,java.lang.String)[pri:0, instance:sanity.WebAppTest@34c01041]" started-at="2022-07-11T23:23:16 IST" name="test30_SelectAllAccessInBengaluru" description="Test29 - Verify User is able to select all access in Bengaluru" data-provider="BengaluruHotdeskWorkspaces" finished-at="2022-07-11T23:23:43 IST" duration-ms="26588" status="PASS">
          <params>
            <param index="0">
              <value>
                <![CDATA[Bengaluru]]>
              </value>
            </param>
            <param index="1">
              <value>
                <![CDATA[Hebbal]]>
              </value>
            </param>
            <param index="2">
              <value>
                <![CDATA[Manyata NXT]]>
              </value>
            </param>
          </params>
          <reporter-output>
          </reporter-output>
        </test-method> <!-- test30_SelectAllAccessInBengaluru -->
        <test-method is-config="true" signature="afterMethod()[pri:0, instance:sanity.WebAppTest@34c01041]" started-at="2022-07-11T23:23:43 IST" name="afterMethod" finished-at="2022-07-11T23:23:46 IST" duration-ms="3065" status="PASS">
          <reporter-output>
          </reporter-output>
        </test-method> <!-- afterMethod -->
        <test-method is-config="true" signature="beforeMethod(java.lang.reflect.Method)[pri:0, instance:sanity.WebAppTest@34c01041]" started-at="2022-07-11T23:23:46 IST" name="beforeMethod" finished-at="2022-07-11T23:23:46 IST" duration-ms="5" status="PASS">
          <params>
            <param index="0">
              <value>
                <![CDATA[public void sanity.WebAppTest.test30_SelectAllAccessInBengaluru(java.lang.String,java.lang.String,java.lang.String) throws java.lang.InterruptedException]]>
              </value>
            </param>
          </params>
          <reporter-output>
          </reporter-output>
        </test-method> <!-- beforeMethod -->
        <test-method signature="test30_SelectAllAccessInBengaluru(java.lang.String,java.lang.String,java.lang.String)[pri:0, instance:sanity.WebAppTest@34c01041]" started-at="2022-07-11T23:23:46 IST" name="test30_SelectAllAccessInBengaluru" description="Test29 - Verify User is able to select all access in Bengaluru" data-provider="BengaluruHotdeskWorkspaces" finished-at="2022-07-11T23:24:14 IST" duration-ms="27586" status="PASS">
          <params>
            <param index="0">
              <value>
                <![CDATA[Bengaluru]]>
              </value>
            </param>
            <param index="1">
              <value>
                <![CDATA[Mahadevapura]]>
              </value>
            </param>
            <param index="2">
              <value>
                <![CDATA[Salarpuria Magnifica]]>
              </value>
            </param>
          </params>
          <reporter-output>
          </reporter-output>
        </test-method> <!-- test30_SelectAllAccessInBengaluru -->
        <test-method is-config="true" signature="afterMethod()[pri:0, instance:sanity.WebAppTest@34c01041]" started-at="2022-07-11T23:24:14 IST" name="afterMethod" finished-at="2022-07-11T23:24:17 IST" duration-ms="2854" status="PASS">
          <reporter-output>
          </reporter-output>
        </test-method> <!-- afterMethod -->
        <test-method is-config="true" signature="beforeMethod(java.lang.reflect.Method)[pri:0, instance:sanity.WebAppTest@34c01041]" started-at="2022-07-11T23:24:17 IST" name="beforeMethod" finished-at="2022-07-11T23:24:17 IST" duration-ms="6" status="PASS">
          <params>
            <param index="0">
              <value>
                <![CDATA[public void sanity.WebAppTest.test31_SelectAllAccessInMumbai(java.lang.String,java.lang.String,java.lang.String) throws java.lang.InterruptedException]]>
              </value>
            </param>
          </params>
          <reporter-output>
          </reporter-output>
        </test-method> <!-- beforeMethod -->
        <test-method signature="test31_SelectAllAccessInMumbai(java.lang.String,java.lang.String,java.lang.String)[pri:0, instance:sanity.WebAppTest@34c01041]" started-at="2022-07-11T23:24:17 IST" name="test31_SelectAllAccessInMumbai" description="Test29 - Verify User is able to select all access in Mumbai" data-provider="MumbaiHotdeskWorkspaces" finished-at="2022-07-11T23:24:44 IST" duration-ms="27509" status="PASS">
          <params>
            <param index="0">
              <value>
                <![CDATA[Mumbai]]>
              </value>
            </param>
            <param index="1">
              <value>
                <![CDATA[Nariman Point]]>
              </value>
            </param>
            <param index="2">
              <value>
                <![CDATA[Express Towers]]>
              </value>
            </param>
          </params>
          <reporter-output>
          </reporter-output>
        </test-method> <!-- test31_SelectAllAccessInMumbai -->
        <test-method is-config="true" signature="afterMethod()[pri:0, instance:sanity.WebAppTest@34c01041]" started-at="2022-07-11T23:24:45 IST" name="afterMethod" finished-at="2022-07-11T23:24:48 IST" duration-ms="3097" status="PASS">
          <reporter-output>
          </reporter-output>
        </test-method> <!-- afterMethod -->
        <test-method is-config="true" signature="beforeMethod(java.lang.reflect.Method)[pri:0, instance:sanity.WebAppTest@34c01041]" started-at="2022-07-11T23:24:48 IST" name="beforeMethod" finished-at="2022-07-11T23:24:48 IST" duration-ms="6" status="PASS">
          <params>
            <param index="0">
              <value>
                <![CDATA[public void sanity.WebAppTest.test31_SelectAllAccessInMumbai(java.lang.String,java.lang.String,java.lang.String) throws java.lang.InterruptedException]]>
              </value>
            </param>
          </params>
          <reporter-output>
          </reporter-output>
        </test-method> <!-- beforeMethod -->
        <test-method signature="test31_SelectAllAccessInMumbai(java.lang.String,java.lang.String,java.lang.String)[pri:0, instance:sanity.WebAppTest@34c01041]" started-at="2022-07-11T23:24:48 IST" name="test31_SelectAllAccessInMumbai" description="Test29 - Verify User is able to select all access in Mumbai" data-provider="MumbaiHotdeskWorkspaces" finished-at="2022-07-11T23:25:15 IST" duration-ms="27341" status="PASS">
          <params>
            <param index="0">
              <value>
                <![CDATA[Mumbai]]>
              </value>
            </param>
            <param index="1">
              <value>
                <![CDATA[Goregaon East]]>
              </value>
            </param>
            <param index="2">
              <value>
                <![CDATA[Oberoi Commerz II]]>
              </value>
            </param>
          </params>
          <reporter-output>
          </reporter-output>
        </test-method> <!-- test31_SelectAllAccessInMumbai -->
        <test-method is-config="true" signature="afterMethod()[pri:0, instance:sanity.WebAppTest@34c01041]" started-at="2022-07-11T23:25:15 IST" name="afterMethod" finished-at="2022-07-11T23:25:19 IST" duration-ms="3158" status="PASS">
          <reporter-output>
          </reporter-output>
        </test-method> <!-- afterMethod -->
        <test-method is-config="true" signature="beforeMethod(java.lang.reflect.Method)[pri:0, instance:sanity.WebAppTest@34c01041]" started-at="2022-07-11T23:25:19 IST" name="beforeMethod" finished-at="2022-07-11T23:25:19 IST" duration-ms="7" status="PASS">
          <params>
            <param index="0">
              <value>
                <![CDATA[public void sanity.WebAppTest.test31_SelectAllAccessInMumbai(java.lang.String,java.lang.String,java.lang.String) throws java.lang.InterruptedException]]>
              </value>
            </param>
          </params>
          <reporter-output>
          </reporter-output>
        </test-method> <!-- beforeMethod -->
        <test-method signature="test31_SelectAllAccessInMumbai(java.lang.String,java.lang.String,java.lang.String)[pri:0, instance:sanity.WebAppTest@34c01041]" started-at="2022-07-11T23:25:19 IST" name="test31_SelectAllAccessInMumbai" description="Test29 - Verify User is able to select all access in Mumbai" data-provider="MumbaiHotdeskWorkspaces" finished-at="2022-07-11T23:25:46 IST" duration-ms="27541" status="PASS">
          <params>
            <param index="0">
              <value>
                <![CDATA[Mumbai]]>
              </value>
            </param>
            <param index="1">
              <value>
                <![CDATA[Goregaon East]]>
              </value>
            </param>
            <param index="2">
              <value>
                <![CDATA[NESCO IT Park]]>
              </value>
            </param>
          </params>
          <reporter-output>
          </reporter-output>
        </test-method> <!-- test31_SelectAllAccessInMumbai -->
        <test-method is-config="true" signature="afterMethod()[pri:0, instance:sanity.WebAppTest@34c01041]" started-at="2022-07-11T23:25:46 IST" name="afterMethod" finished-at="2022-07-11T23:25:49 IST" duration-ms="2941" status="PASS">
          <reporter-output>
          </reporter-output>
        </test-method> <!-- afterMethod -->
        <test-method is-config="true" signature="beforeMethod(java.lang.reflect.Method)[pri:0, instance:sanity.WebAppTest@34c01041]" started-at="2022-07-11T23:25:49 IST" name="beforeMethod" finished-at="2022-07-11T23:25:49 IST" duration-ms="5" status="PASS">
          <params>
            <param index="0">
              <value>
                <![CDATA[public void sanity.WebAppTest.test31_SelectAllAccessInMumbai(java.lang.String,java.lang.String,java.lang.String) throws java.lang.InterruptedException]]>
              </value>
            </param>
          </params>
          <reporter-output>
          </reporter-output>
        </test-method> <!-- beforeMethod -->
        <test-method signature="test31_SelectAllAccessInMumbai(java.lang.String,java.lang.String,java.lang.String)[pri:0, instance:sanity.WebAppTest@34c01041]" started-at="2022-07-11T23:25:49 IST" name="test31_SelectAllAccessInMumbai" description="Test29 - Verify User is able to select all access in Mumbai" data-provider="MumbaiHotdeskWorkspaces" finished-at="2022-07-11T23:26:17 IST" duration-ms="27618" status="PASS">
          <params>
            <param index="0">
              <value>
                <![CDATA[Mumbai]]>
              </value>
            </param>
            <param index="1">
              <value>
                <![CDATA[Vikhroli West]]>
              </value>
            </param>
            <param index="2">
              <value>
                <![CDATA[247 Park]]>
              </value>
            </param>
          </params>
          <reporter-output>
          </reporter-output>
        </test-method> <!-- test31_SelectAllAccessInMumbai -->
        <test-method is-config="true" signature="afterMethod()[pri:0, instance:sanity.WebAppTest@34c01041]" started-at="2022-07-11T23:26:17 IST" name="afterMethod" finished-at="2022-07-11T23:26:20 IST" duration-ms="3082" status="PASS">
          <reporter-output>
          </reporter-output>
        </test-method> <!-- afterMethod -->
        <test-method is-config="true" signature="beforeMethod(java.lang.reflect.Method)[pri:0, instance:sanity.WebAppTest@34c01041]" started-at="2022-07-11T23:26:20 IST" name="beforeMethod" finished-at="2022-07-11T23:26:20 IST" duration-ms="5" status="PASS">
          <params>
            <param index="0">
              <value>
                <![CDATA[public void sanity.WebAppTest.test31_SelectAllAccessInMumbai(java.lang.String,java.lang.String,java.lang.String) throws java.lang.InterruptedException]]>
              </value>
            </param>
          </params>
          <reporter-output>
          </reporter-output>
        </test-method> <!-- beforeMethod -->
        <test-method signature="test31_SelectAllAccessInMumbai(java.lang.String,java.lang.String,java.lang.String)[pri:0, instance:sanity.WebAppTest@34c01041]" started-at="2022-07-11T23:26:20 IST" name="test31_SelectAllAccessInMumbai" description="Test29 - Verify User is able to select all access in Mumbai" data-provider="MumbaiHotdeskWorkspaces" finished-at="2022-07-11T23:26:48 IST" duration-ms="27702" status="PASS">
          <params>
            <param index="0">
              <value>
                <![CDATA[Mumbai]]>
              </value>
            </param>
            <param index="1">
              <value>
                <![CDATA[Thane]]>
              </value>
            </param>
            <param index="2">
              <value>
                <![CDATA[Zenia]]>
              </value>
            </param>
          </params>
          <reporter-output>
          </reporter-output>
        </test-method> <!-- test31_SelectAllAccessInMumbai -->
        <test-method is-config="true" signature="afterMethod()[pri:0, instance:sanity.WebAppTest@34c01041]" started-at="2022-07-11T23:26:48 IST" name="afterMethod" finished-at="2022-07-11T23:26:51 IST" duration-ms="3136" status="PASS">
          <reporter-output>
          </reporter-output>
        </test-method> <!-- afterMethod -->
        <test-method is-config="true" signature="beforeMethod(java.lang.reflect.Method)[pri:0, instance:sanity.WebAppTest@34c01041]" started-at="2022-07-11T23:26:51 IST" name="beforeMethod" finished-at="2022-07-11T23:26:51 IST" duration-ms="6" status="PASS">
          <params>
            <param index="0">
              <value>
                <![CDATA[public void sanity.WebAppTest.test31_SelectAllAccessInMumbai(java.lang.String,java.lang.String,java.lang.String) throws java.lang.InterruptedException]]>
              </value>
            </param>
          </params>
          <reporter-output>
          </reporter-output>
        </test-method> <!-- beforeMethod -->
        <test-method signature="test31_SelectAllAccessInMumbai(java.lang.String,java.lang.String,java.lang.String)[pri:0, instance:sanity.WebAppTest@34c01041]" started-at="2022-07-11T23:26:51 IST" name="test31_SelectAllAccessInMumbai" description="Test29 - Verify User is able to select all access in Mumbai" data-provider="MumbaiHotdeskWorkspaces" finished-at="2022-07-11T23:27:19 IST" duration-ms="27584" status="PASS">
          <params>
            <param index="0">
              <value>
                <![CDATA[Mumbai]]>
              </value>
            </param>
            <param index="1">
              <value>
                <![CDATA[Andheri East]]>
              </value>
            </param>
            <param index="2">
              <value>
                <![CDATA[Vijay Diamond]]>
              </value>
            </param>
          </params>
          <reporter-output>
          </reporter-output>
        </test-method> <!-- test31_SelectAllAccessInMumbai -->
        <test-method is-config="true" signature="afterMethod()[pri:0, instance:sanity.WebAppTest@34c01041]" started-at="2022-07-11T23:27:19 IST" name="afterMethod" finished-at="2022-07-11T23:27:22 IST" duration-ms="2998" status="PASS">
          <reporter-output>
          </reporter-output>
        </test-method> <!-- afterMethod -->
        <test-method is-config="true" signature="beforeMethod(java.lang.reflect.Method)[pri:0, instance:sanity.WebAppTest@34c01041]" started-at="2022-07-11T23:27:22 IST" name="beforeMethod" finished-at="2022-07-11T23:27:22 IST" duration-ms="4" status="PASS">
          <params>
            <param index="0">
              <value>
                <![CDATA[public void sanity.WebAppTest.test31_SelectAllAccessInMumbai(java.lang.String,java.lang.String,java.lang.String) throws java.lang.InterruptedException]]>
              </value>
            </param>
          </params>
          <reporter-output>
          </reporter-output>
        </test-method> <!-- beforeMethod -->
        <test-method signature="test31_SelectAllAccessInMumbai(java.lang.String,java.lang.String,java.lang.String)[pri:0, instance:sanity.WebAppTest@34c01041]" started-at="2022-07-11T23:27:22 IST" name="test31_SelectAllAccessInMumbai" description="Test29 - Verify User is able to select all access in Mumbai" data-provider="MumbaiHotdeskWorkspaces" finished-at="2022-07-11T23:27:50 IST" duration-ms="28106" status="PASS">
          <params>
            <param index="0">
              <value>
                <![CDATA[Mumbai]]>
              </value>
            </param>
            <param index="1">
              <value>
                <![CDATA[Andheri East]]>
              </value>
            </param>
            <param index="2">
              <value>
                <![CDATA[Raheja Platinum]]>
              </value>
            </param>
          </params>
          <reporter-output>
          </reporter-output>
        </test-method> <!-- test31_SelectAllAccessInMumbai -->
        <test-method is-config="true" signature="afterMethod()[pri:0, instance:sanity.WebAppTest@34c01041]" started-at="2022-07-11T23:27:50 IST" name="afterMethod" finished-at="2022-07-11T23:27:54 IST" duration-ms="3055" status="PASS">
          <reporter-output>
          </reporter-output>
        </test-method> <!-- afterMethod -->
        <test-method is-config="true" signature="beforeMethod(java.lang.reflect.Method)[pri:0, instance:sanity.WebAppTest@34c01041]" started-at="2022-07-11T23:27:54 IST" name="beforeMethod" finished-at="2022-07-11T23:27:54 IST" duration-ms="5" status="PASS">
          <params>
            <param index="0">
              <value>
                <![CDATA[public void sanity.WebAppTest.test31_SelectAllAccessInMumbai(java.lang.String,java.lang.String,java.lang.String) throws java.lang.InterruptedException]]>
              </value>
            </param>
          </params>
          <reporter-output>
          </reporter-output>
        </test-method> <!-- beforeMethod -->
        <test-method signature="test31_SelectAllAccessInMumbai(java.lang.String,java.lang.String,java.lang.String)[pri:0, instance:sanity.WebAppTest@34c01041]" started-at="2022-07-11T23:27:54 IST" name="test31_SelectAllAccessInMumbai" description="Test29 - Verify User is able to select all access in Mumbai" data-provider="MumbaiHotdeskWorkspaces" finished-at="2022-07-11T23:28:21 IST" duration-ms="27495" status="PASS">
          <params>
            <param index="0">
              <value>
                <![CDATA[Mumbai]]>
              </value>
            </param>
            <param index="1">
              <value>
                <![CDATA[Powai]]>
              </value>
            </param>
            <param index="2">
              <value>
                <![CDATA[Chromium]]>
              </value>
            </param>
          </params>
          <reporter-output>
          </reporter-output>
        </test-method> <!-- test31_SelectAllAccessInMumbai -->
        <test-method is-config="true" signature="afterMethod()[pri:0, instance:sanity.WebAppTest@34c01041]" started-at="2022-07-11T23:28:21 IST" name="afterMethod" finished-at="2022-07-11T23:28:24 IST" duration-ms="2899" status="PASS">
          <reporter-output>
          </reporter-output>
        </test-method> <!-- afterMethod -->
        <test-method is-config="true" signature="beforeMethod(java.lang.reflect.Method)[pri:0, instance:sanity.WebAppTest@34c01041]" started-at="2022-07-11T23:28:24 IST" name="beforeMethod" finished-at="2022-07-11T23:28:24 IST" duration-ms="5" status="PASS">
          <params>
            <param index="0">
              <value>
                <![CDATA[public void sanity.WebAppTest.test31_SelectAllAccessInMumbai(java.lang.String,java.lang.String,java.lang.String) throws java.lang.InterruptedException]]>
              </value>
            </param>
          </params>
          <reporter-output>
          </reporter-output>
        </test-method> <!-- beforeMethod -->
        <test-method signature="test31_SelectAllAccessInMumbai(java.lang.String,java.lang.String,java.lang.String)[pri:0, instance:sanity.WebAppTest@34c01041]" started-at="2022-07-11T23:28:24 IST" name="test31_SelectAllAccessInMumbai" description="Test29 - Verify User is able to select all access in Mumbai" data-provider="MumbaiHotdeskWorkspaces" finished-at="2022-07-11T23:28:52 IST" duration-ms="27613" status="PASS">
          <params>
            <param index="0">
              <value>
                <![CDATA[Mumbai]]>
              </value>
            </param>
            <param index="1">
              <value>
                <![CDATA[Navi Mumbai]]>
              </value>
            </param>
            <param index="2">
              <value>
                <![CDATA[Seawoods Grand Central]]>
              </value>
            </param>
          </params>
          <reporter-output>
          </reporter-output>
        </test-method> <!-- test31_SelectAllAccessInMumbai -->
        <test-method is-config="true" signature="afterMethod()[pri:0, instance:sanity.WebAppTest@34c01041]" started-at="2022-07-11T23:28:52 IST" name="afterMethod" finished-at="2022-07-11T23:28:55 IST" duration-ms="2971" status="PASS">
          <reporter-output>
          </reporter-output>
        </test-method> <!-- afterMethod -->
        <test-method is-config="true" signature="beforeMethod(java.lang.reflect.Method)[pri:0, instance:sanity.WebAppTest@34c01041]" started-at="2022-07-11T23:28:55 IST" name="beforeMethod" finished-at="2022-07-11T23:28:55 IST" duration-ms="5" status="PASS">
          <params>
            <param index="0">
              <value>
                <![CDATA[public void sanity.WebAppTest.test31_SelectAllAccessInMumbai(java.lang.String,java.lang.String,java.lang.String) throws java.lang.InterruptedException]]>
              </value>
            </param>
          </params>
          <reporter-output>
          </reporter-output>
        </test-method> <!-- beforeMethod -->
        <test-method signature="test31_SelectAllAccessInMumbai(java.lang.String,java.lang.String,java.lang.String)[pri:0, instance:sanity.WebAppTest@34c01041]" started-at="2022-07-11T23:28:55 IST" name="test31_SelectAllAccessInMumbai" description="Test29 - Verify User is able to select all access in Mumbai" data-provider="MumbaiHotdeskWorkspaces" finished-at="2022-07-11T23:29:22 IST" duration-ms="26733" status="PASS">
          <params>
            <param index="0">
              <value>
                <![CDATA[Mumbai]]>
              </value>
            </param>
            <param index="1">
              <value>
                <![CDATA[Malad]]>
              </value>
            </param>
            <param index="2">
              <value>
                <![CDATA[Spectrum Tower]]>
              </value>
            </param>
          </params>
          <reporter-output>
          </reporter-output>
        </test-method> <!-- test31_SelectAllAccessInMumbai -->
        <test-method is-config="true" signature="afterMethod()[pri:0, instance:sanity.WebAppTest@34c01041]" started-at="2022-07-11T23:29:22 IST" name="afterMethod" finished-at="2022-07-11T23:29:25 IST" duration-ms="3035" status="PASS">
          <reporter-output>
          </reporter-output>
        </test-method> <!-- afterMethod -->
        <test-method is-config="true" signature="beforeMethod(java.lang.reflect.Method)[pri:0, instance:sanity.WebAppTest@34c01041]" started-at="2022-07-11T23:29:25 IST" name="beforeMethod" finished-at="2022-07-11T23:29:25 IST" duration-ms="5" status="PASS">
          <params>
            <param index="0">
              <value>
                <![CDATA[public void sanity.WebAppTest.test31_SelectAllAccessInMumbai(java.lang.String,java.lang.String,java.lang.String) throws java.lang.InterruptedException]]>
              </value>
            </param>
          </params>
          <reporter-output>
          </reporter-output>
        </test-method> <!-- beforeMethod -->
        <test-method signature="test31_SelectAllAccessInMumbai(java.lang.String,java.lang.String,java.lang.String)[pri:0, instance:sanity.WebAppTest@34c01041]" started-at="2022-07-11T23:29:25 IST" name="test31_SelectAllAccessInMumbai" description="Test29 - Verify User is able to select all access in Mumbai" data-provider="MumbaiHotdeskWorkspaces" finished-at="2022-07-11T23:29:53 IST" duration-ms="27636" status="PASS">
          <params>
            <param index="0">
              <value>
                <![CDATA[Mumbai]]>
              </value>
            </param>
            <param index="1">
              <value>
                <![CDATA[Worli]]>
              </value>
            </param>
            <param index="2">
              <value>
                <![CDATA[Vaswani Chambers]]>
              </value>
            </param>
          </params>
          <reporter-output>
          </reporter-output>
        </test-method> <!-- test31_SelectAllAccessInMumbai -->
        <test-method is-config="true" signature="afterMethod()[pri:0, instance:sanity.WebAppTest@34c01041]" started-at="2022-07-11T23:29:53 IST" name="afterMethod" finished-at="2022-07-11T23:29:56 IST" duration-ms="3140" status="PASS">
          <reporter-output>
          </reporter-output>
        </test-method> <!-- afterMethod -->
        <test-method is-config="true" signature="beforeMethod(java.lang.reflect.Method)[pri:0, instance:sanity.WebAppTest@34c01041]" started-at="2022-07-11T23:29:56 IST" name="beforeMethod" finished-at="2022-07-11T23:29:56 IST" duration-ms="5" status="PASS">
          <params>
            <param index="0">
              <value>
                <![CDATA[public void sanity.WebAppTest.test31_SelectAllAccessInMumbai(java.lang.String,java.lang.String,java.lang.String) throws java.lang.InterruptedException]]>
              </value>
            </param>
          </params>
          <reporter-output>
          </reporter-output>
        </test-method> <!-- beforeMethod -->
        <test-method signature="test31_SelectAllAccessInMumbai(java.lang.String,java.lang.String,java.lang.String)[pri:0, instance:sanity.WebAppTest@34c01041]" started-at="2022-07-11T23:29:56 IST" name="test31_SelectAllAccessInMumbai" description="Test29 - Verify User is able to select all access in Mumbai" data-provider="MumbaiHotdeskWorkspaces" finished-at="2022-07-11T23:30:07 IST" duration-ms="10507" status="FAIL">
          <params>
            <param index="0">
              <value>
                <![CDATA[Mumbai]]>
              </value>
            </param>
            <param index="1">
              <value>
                <![CDATA[BKC]]>
              </value>
            </param>
            <param index="2">
              <value>
                <![CDATA[Enam Sambhav]]>
              </value>
            </param>
          </params>
          <exception class="org.openqa.selenium.ElementClickInterceptedException">
            <message>
              <![CDATA[element click intercepted: Element is not clickable at point (750, 725)
  (Session info: chrome=103.0.5060.114)
Build info: version: '3.141.59', revision: 'e82be7d358', time: '2018-11-14T08:17:03'
System info: host: 'Varsha-R-Yattinahalli-B632s-MacBook-Pro.local', ip: '192.168.29.112', os.name: 'Mac OS X', os.arch: 'x86_64', os.version: '12.3.1', java.version: '17.0.2'
Driver info: org.openqa.selenium.chrome.ChromeDriver
Capabilities {acceptInsecureCerts: false, browserName: chrome, browserVersion: 103.0.5060.114, chrome: {chromedriverVersion: 103.0.5060.53 (a1711811edd7..., userDataDir: /var/folders/16/r7_qv8_12dv...}, goog:chromeOptions: {debuggerAddress: localhost:49530}, javascriptEnabled: true, networkConnectionEnabled: false, pageLoadStrategy: normal, platform: MAC, platformName: MAC, proxy: Proxy(), setWindowRect: true, strictFileInteractability: false, timeouts: {implicit: 0, pageLoad: 300000, script: 30000}, unhandledPromptBehavior: dismiss and notify, webauthn:extension:credBlob: true, webauthn:extension:largeBlob: true, webauthn:virtualAuthenticators: true}
Session ID: a5c2c2f5cf5a9958df5c4056941043bc]]>
            </message>
            <full-stacktrace>
              <![CDATA[org.openqa.selenium.ElementClickInterceptedException: element click intercepted: Element is not clickable at point (750, 725)
  (Session info: chrome=103.0.5060.114)
Build info: version: '3.141.59', revision: 'e82be7d358', time: '2018-11-14T08:17:03'
System info: host: 'Varsha-R-Yattinahalli-B632s-MacBook-Pro.local', ip: '192.168.29.112', os.name: 'Mac OS X', os.arch: 'x86_64', os.version: '12.3.1', java.version: '17.0.2'
Driver info: org.openqa.selenium.chrome.ChromeDriver
Capabilities {acceptInsecureCerts: false, browserName: chrome, browserVersion: 103.0.5060.114, chrome: {chromedriverVersion: 103.0.5060.53 (a1711811edd7..., userDataDir: /var/folders/16/r7_qv8_12dv...}, goog:chromeOptions: {debuggerAddress: localhost:49530}, javascriptEnabled: true, networkConnectionEnabled: false, pageLoadStrategy: normal, platform: MAC, platformName: MAC, proxy: Proxy(), setWindowRect: true, strictFileInteractability: false, timeouts: {implicit: 0, pageLoad: 300000, script: 30000}, unhandledPromptBehavior: dismiss and notify, webauthn:extension:credBlob: true, webauthn:extension:largeBlob: true, webauthn:virtualAuthenticators: true}
Session ID: a5c2c2f5cf5a9958df5c4056941043bc
at java.base/jdk.internal.reflect.NativeConstructorAccessorImpl.newInstance0(Native Method)
at java.base/jdk.internal.reflect.NativeConstructorAccessorImpl.newInstance(NativeConstructorAccessorImpl.java:77)
at java.base/jdk.internal.reflect.DelegatingConstructorAccessorImpl.newInstance(DelegatingConstructorAccessorImpl.java:45)
at java.base/java.lang.reflect.Constructor.newInstanceWithCaller(Constructor.java:499)
at java.base/java.lang.reflect.Constructor.newInstance(Constructor.java:480)
at org.openqa.selenium.remote.http.W3CHttpResponseCodec.createException(W3CHttpResponseCodec.java:187)
at org.openqa.selenium.remote.http.W3CHttpResponseCodec.decode(W3CHttpResponseCodec.java:122)
at org.openqa.selenium.remote.http.W3CHttpResponseCodec.decode(W3CHttpResponseCodec.java:49)
at org.openqa.selenium.remote.HttpCommandExecutor.execute(HttpCommandExecutor.java:158)
at org.openqa.selenium.remote.service.DriverCommandExecutor.execute(DriverCommandExecutor.java:83)
at org.openqa.selenium.remote.RemoteWebDriver.execute(RemoteWebDriver.java:552)
at org.openqa.selenium.remote.RemoteWebElement.execute(RemoteWebElement.java:285)
at org.openqa.selenium.remote.RemoteWebElement.click(RemoteWebElement.java:84)
at extensions.UIActions.click(UIActions.java:26)
at sanity.WebAppTest.test31_SelectAllAccessInMumbai(WebAppTest.java:967)
at java.base/jdk.internal.reflect.NativeMethodAccessorImpl.invoke0(Native Method)
at java.base/jdk.internal.reflect.NativeMethodAccessorImpl.invoke(NativeMethodAccessorImpl.java:77)
at java.base/jdk.internal.reflect.DelegatingMethodAccessorImpl.invoke(DelegatingMethodAccessorImpl.java:43)
at java.base/java.lang.reflect.Method.invoke(Method.java:568)
at org.testng.internal.MethodInvocationHelper.invokeMethod(MethodInvocationHelper.java:133)
at org.testng.internal.TestInvoker.invokeMethod(TestInvoker.java:598)
at org.testng.internal.TestInvoker.invokeTestMethod(TestInvoker.java:173)
at org.testng.internal.MethodRunner.runInSequence(MethodRunner.java:46)
at org.testng.internal.TestInvoker$MethodInvocationAgent.invoke(TestInvoker.java:824)
at org.testng.internal.TestInvoker.invokeTestMethods(TestInvoker.java:146)
at org.testng.internal.TestMethodWorker.invokeTestMethods(TestMethodWorker.java:146)
at org.testng.internal.TestMethodWorker.run(TestMethodWorker.java:128)
at java.base/java.util.ArrayList.forEach(ArrayList.java:1511)
at org.testng.TestRunner.privateRun(TestRunner.java:794)
at org.testng.TestRunner.run(TestRunner.java:596)
at org.testng.SuiteRunner.runTest(SuiteRunner.java:377)
at org.testng.SuiteRunner.runSequentially(SuiteRunner.java:371)
at org.testng.SuiteRunner.privateRun(SuiteRunner.java:332)
at org.testng.SuiteRunner.run(SuiteRunner.java:276)
at org.testng.SuiteRunnerWorker.runSuite(SuiteRunnerWorker.java:53)
at org.testng.SuiteRunnerWorker.run(SuiteRunnerWorker.java:96)
at org.testng.TestNG.runSuitesSequentially(TestNG.java:1212)
at org.testng.TestNG.runSuitesLocally(TestNG.java:1134)
at org.testng.TestNG.runSuites(TestNG.java:1063)
at org.testng.TestNG.run(TestNG.java:1031)
at org.testng.remote.AbstractRemoteTestNG.run(AbstractRemoteTestNG.java:115)
at org.testng.remote.RemoteTestNG.initAndRun(RemoteTestNG.java:251)
at org.testng.remote.RemoteTestNG.main(RemoteTestNG.java:77)
]]>
            </full-stacktrace>
          </exception> <!-- org.openqa.selenium.ElementClickInterceptedException -->
          <reporter-output>
          </reporter-output>
        </test-method> <!-- test31_SelectAllAccessInMumbai -->
        <test-method is-config="true" signature="afterMethod()[pri:0, instance:sanity.WebAppTest@34c01041]" started-at="2022-07-11T23:30:08 IST" name="afterMethod" finished-at="2022-07-11T23:30:11 IST" duration-ms="2743" status="PASS">
          <reporter-output>
          </reporter-output>
        </test-method> <!-- afterMethod -->
        <test-method is-config="true" signature="closeSession()[pri:0, instance:sanity.WebAppTest@34c01041]" started-at="2022-07-11T23:30:11 IST" name="closeSession" finished-at="2022-07-11T23:30:12 IST" duration-ms="1117" status="PASS">
          <reporter-output>
          </reporter-output>
        </test-method> <!-- closeSession -->
      </class> <!-- sanity.WebAppTest -->
    </test> <!-- Web Tests -->
  </suite> <!-- Web Suite -->
</testng-results>
