<?xml version="1.0" encoding="UTF-8"?>
<testng-results ignored="0" total="2" passed="2" failed="0" skipped="0">
  <reporter-output>
  </reporter-output>
  <suite started-at="2022-07-19T11:24:02 IST" name="Web Suite" finished-at="2022-07-19T11:27:56 IST" duration-ms="233790">
    <groups>
    </groups>
    <test started-at="2022-07-19T11:24:02 IST" name="Web Tests" finished-at="2022-07-19T11:27:56 IST" duration-ms="233790">
      <class name="sanity.SelectDayPassTest">
        <test-method is-config="true" signature="startSession(java.lang.String)[pri:0, instance:sanity.SelectDayPassTest@545b995e]" started-at="2022-07-19T11:24:02 IST" name="startSession" finished-at="2022-07-19T11:24:24 IST" duration-ms="21848" status="PASS">
          <params>
            <param index="0">
              <value>
                <![CDATA[web]]>
              </value>
            </param>
          </params>
          <reporter-output>
          </reporter-output>
        </test-method> <!-- startSession -->
        <test-method is-config="true" signature="beforeMethod(java.lang.reflect.Method)[pri:0, instance:sanity.SelectDayPassTest@545b995e]" started-at="2022-07-19T11:24:24 IST" name="beforeMethod" finished-at="2022-07-19T11:24:24 IST" duration-ms="90" status="PASS">
          <params>
            <param index="0">
              <value>
                <![CDATA[public void sanity.SelectDayPassTest.test02_SelectDayPassInPune(java.lang.String,java.lang.String,java.lang.String) throws java.lang.InterruptedException]]>
              </value>
            </param>
          </params>
          <reporter-output>
          </reporter-output>
        </test-method> <!-- beforeMethod -->
        <test-method signature="test02_SelectDayPassInPune(java.lang.String,java.lang.String,java.lang.String)[pri:0, instance:sanity.SelectDayPassTest@545b995e]" started-at="2022-07-19T11:24:25 IST" name="test02_SelectDayPassInPune" description="Test02 - Verify User is able to select day pass in Pune. (In  home page navigate to workspaces and select day pass)" data-provider="PuneDayPassWorkspaces" finished-at="2022-07-19T11:26:03 IST" duration-ms="98516" status="PASS">
          <params>
            <param index="0">
              <value>
                <![CDATA[Pune]]>
              </value>
            </param>
            <param index="1">
              <value>
                <![CDATA[Kharadi]]>
              </value>
            </param>
            <param index="2">
              <value>
                <![CDATA[World Trade Center]]>
              </value>
            </param>
          </params>
          <reporter-output>
          </reporter-output>
        </test-method> <!-- test02_SelectDayPassInPune -->
        <test-method is-config="true" signature="afterMethod()[pri:0, instance:sanity.SelectDayPassTest@545b995e]" started-at="2022-07-19T11:26:04 IST" name="afterMethod" finished-at="2022-07-19T11:26:11 IST" duration-ms="7061" status="PASS">
          <reporter-output>
          </reporter-output>
        </test-method> <!-- afterMethod -->
        <test-method is-config="true" signature="beforeMethod(java.lang.reflect.Method)[pri:0, instance:sanity.SelectDayPassTest@545b995e]" started-at="2022-07-19T11:26:11 IST" name="beforeMethod" finished-at="2022-07-19T11:26:11 IST" duration-ms="12" status="PASS">
          <params>
            <param index="0">
              <value>
                <![CDATA[public void sanity.SelectDayPassTest.test02_SelectDayPassInPune(java.lang.String,java.lang.String,java.lang.String) throws java.lang.InterruptedException]]>
              </value>
            </param>
          </params>
          <reporter-output>
          </reporter-output>
        </test-method> <!-- beforeMethod -->
        <test-method signature="test02_SelectDayPassInPune(java.lang.String,java.lang.String,java.lang.String)[pri:0, instance:sanity.SelectDayPassTest@545b995e]" started-at="2022-07-19T11:26:11 IST" name="test02_SelectDayPassInPune" description="Test02 - Verify User is able to select day pass in Pune. (In  home page navigate to workspaces and select day pass)" data-provider="PuneDayPassWorkspaces" finished-at="2022-07-19T11:27:51 IST" duration-ms="100140" status="PASS">
          <params>
            <param index="0">
              <value>
                <![CDATA[Pune]]>
              </value>
            </param>
            <param index="1">
              <value>
                <![CDATA[Magarpatta]]>
              </value>
            </param>
            <param index="2">
              <value>
                <![CDATA[Panchshil Futura]]>
              </value>
            </param>
          </params>
          <reporter-output>
          </reporter-output>
        </test-method> <!-- test02_SelectDayPassInPune -->
        <test-method is-config="true" signature="afterMethod()[pri:0, instance:sanity.SelectDayPassTest@545b995e]" started-at="2022-07-19T11:27:51 IST" name="afterMethod" finished-at="2022-07-19T11:27:56 IST" duration-ms="4686" status="PASS">
          <reporter-output>
          </reporter-output>
        </test-method> <!-- afterMethod -->
        <test-method is-config="true" signature="closeSession()[pri:0, instance:sanity.SelectDayPassTest@545b995e]" started-at="2022-07-19T11:27:56 IST" name="closeSession" finished-at="2022-07-19T11:27:56 IST" duration-ms="1" status="PASS">
          <reporter-output>
          </reporter-output>
        </test-method> <!-- closeSession -->
      </class> <!-- sanity.SelectDayPassTest -->
    </test> <!-- Web Tests -->
  </suite> <!-- Web Suite -->
</testng-results>
